\BOOKMARK [0][-]{chapter*.1}{Abstract}{}% 1
\BOOKMARK [0][-]{chapter.1}{Introduction}{}% 2
\BOOKMARK [1][-]{section.1.1}{The barrel cortex and GABAergic inhibitory interneurons}{chapter.1}% 3
\BOOKMARK [2][-]{subsection.1.1.1}{Barrel cortex structure and function}{section.1.1}% 4
\BOOKMARK [2][-]{subsection.1.1.2}{Barrel cortex cell composition}{section.1.1}% 5
\BOOKMARK [1][-]{section.1.2}{The VIP-expressing interneurons }{chapter.1}% 6
\BOOKMARK [1][-]{section.1.3}{The PV-expressing interneurons}{chapter.1}% 7
\BOOKMARK [1][-]{section.1.4}{Acetylcholine in the cortex}{chapter.1}% 8
\BOOKMARK [1][-]{section.1.5}{3D electron microscopy}{chapter.1}% 9
\BOOKMARK [1][-]{section.1.6}{Aim of the project}{chapter.1}% 10
\BOOKMARK [0][-]{chapter.2}{Methods}{}% 11
\BOOKMARK [1][-]{section.2.1}{Animals}{chapter.2}% 12
\BOOKMARK [1][-]{section.2.2}{Fluorescence and light microscopy}{chapter.2}% 13
\BOOKMARK [1][-]{section.2.3}{Tissue and block preparation for electron microscopy}{chapter.2}% 14
\BOOKMARK [2][-]{subsection.2.3.1}{Tissue embedding}{section.2.3}% 15
\BOOKMARK [2][-]{subsection.2.3.2}{Alignment and block preparation}{section.2.3}% 16
\BOOKMARK [1][-]{section.2.4}{Serial Block-Face EM imaging}{chapter.2}% 17
\BOOKMARK [1][-]{section.2.5}{EM image processing, segmentation and 3D model generation}{chapter.2}% 18
\BOOKMARK [1][-]{section.2.6}{Blender and 3D model processing}{chapter.2}% 19
\BOOKMARK [1][-]{section.2.7}{Statistical analysis}{chapter.2}% 20
\BOOKMARK [0][-]{chapter.3}{Results}{}% 21
\BOOKMARK [1][-]{section.3.1}{Transgenic animals}{chapter.3}% 22
\BOOKMARK [1][-]{section.3.2}{Morphological description of the VIP-expressing interneuron cell body and nucleus}{chapter.3}% 23
\BOOKMARK [1][-]{section.3.3}{Morphological analysis of VIP-expressing interneurons' dendrites}{chapter.3}% 24
\BOOKMARK [1][-]{section.3.4}{Morphological description of the PV-expressing interneuron cell body}{chapter.3}% 25
\BOOKMARK [1][-]{section.3.5}{Morphological analysis PV-expressing interneuron dendrites}{chapter.3}% 26
\BOOKMARK [1][-]{section.3.6}{Morphological analysis of ChAT-expressing axons}{chapter.3}% 27
\BOOKMARK [1][-]{section.3.7}{ChAT-expressing axons and their interaction with GABAergic interneurons}{chapter.3}% 28
\BOOKMARK [2][-]{subsection.3.7.1}{VIP+ interneurons and ChAT+ axons interaction}{section.3.7}% 29
\BOOKMARK [2][-]{subsection.3.7.2}{PV+ interneurons and ChAT axons interaction}{section.3.7}% 30
\BOOKMARK [1][-]{section.3.8}{VIP+ and PV+ axons characterization}{chapter.3}% 31
\BOOKMARK [1][-]{section.3.9}{Cilium characterization}{chapter.3}% 32
\BOOKMARK [0][-]{chapter.4}{Discussion}{}% 33
\BOOKMARK [1][-]{section.4.1}{Small sample size limits significance}{chapter.4}% 34
\BOOKMARK [1][-]{section.4.2}{VIP+ and PV+ soma and nuclei are irregularly shaped}{chapter.4}% 35
\BOOKMARK [1][-]{section.4.3}{VIP+ and PV+ dendrites receive excitatory and inhibitory input}{chapter.4}% 36
\BOOKMARK [1][-]{section.4.4}{Comparing synapse sizes of proximal and distal VIP+ and PV+ dendrites}{chapter.4}% 37
\BOOKMARK [1][-]{section.4.5}{Cholinergic axons form synapse-resembling connections}{chapter.4}% 38
\BOOKMARK [1][-]{section.4.6}{ChAT+ axons contact VIP+, but not PV+ interneurons}{chapter.4}% 39
\BOOKMARK [1][-]{section.4.7}{ECS shrinkage might influence neuronal contact morphology}{chapter.4}% 40
\BOOKMARK [1][-]{section.4.8}{Project outlook}{chapter.4}% 41
\BOOKMARK [1][-]{section.4.9}{Conclusion}{chapter.4}% 42
\BOOKMARK [0][-]{chapter*.22}{Acknowledgements}{}% 43
\BOOKMARK [0][-]{chapter*.23}{Declaration of independent work}{}% 44
